<?xml version="1.0" encoding="UTF-8"?>
<coverage generated="1577884114214" clover="3.2.0">
  <project timestamp="1577884114215" name="All files">
    <metrics statements="20" coveredstatements="20" conditionals="0" coveredconditionals="0" methods="1" coveredmethods="1" elements="21" coveredelements="21" complexity="0" loc="20" ncloc="20" packages="1" files="1" classes="1"/>
    <file name="db.js" path="/home/dongun/Documents/Projects/task-manager-api/tests/fixtures/db.js">
      <metrics statements="20" coveredstatements="20" conditionals="0" coveredconditionals="0" methods="1" coveredmethods="1"/>
      <line num="1" count="2" type="stmt"/>
      <line num="2" count="2" type="stmt"/>
      <line num="3" count="2" type="stmt"/>
      <line num="4" count="2" type="stmt"/>
      <line num="6" count="2" type="stmt"/>
      <line num="7" count="2" type="stmt"/>
      <line num="24" count="2" type="stmt"/>
      <line num="25" count="2" type="stmt"/>
      <line num="42" count="2" type="stmt"/>
      <line num="49" count="2" type="stmt"/>
      <line num="56" count="2" type="stmt"/>
      <line num="63" count="2" type="stmt"/>
      <line num="64" count="13" type="stmt"/>
      <line num="65" count="13" type="stmt"/>
      <line num="66" count="13" type="stmt"/>
      <line num="67" count="13" type="stmt"/>
      <line num="68" count="13" type="stmt"/>
      <line num="69" count="13" type="stmt"/>
      <line num="70" count="13" type="stmt"/>
      <line num="73" count="2" type="stmt"/>
    </file>
  </project>
</coverage>
