{"/home/dongun/Documents/Projects/task-manager-api/tests/fixtures/db.js": {"path":"/home/dongun/Documents/Projects/task-manager-api/tests/fixtures/db.js","statementMap":{"0":{"start":{"line":1,"column":12},"end":{"line":1,"column":35}},"1":{"start":{"line":2,"column":17},"end":{"line":2,"column":36}},"2":{"start":{"line":3,"column":13},"end":{"line":3,"column":45}},"3":{"start":{"line":4,"column":13},"end":{"line":4,"column":45}},"4":{"start":{"line":6,"column":18},"end":{"line":6,"column":47}},"5":{"start":{"line":7,"column":16},"end":{"line":22,"column":1}},"6":{"start":{"line":24,"column":18},"end":{"line":24,"column":47}},"7":{"start":{"line":25,"column":16},"end":{"line":40,"column":1}},"8":{"start":{"line":42,"column":16},"end":{"line":47,"column":1}},"9":{"start":{"line":49,"column":16},"end":{"line":54,"column":1}},"10":{"start":{"line":56,"column":18},"end":{"line":61,"column":1}},"11":{"start":{"line":63,"column":22},"end":{"line":71,"column":1}},"12":{"start":{"line":64,"column":2},"end":{"line":64,"column":26}},"13":{"start":{"line":65,"column":2},"end":{"line":65,"column":26}},"14":{"start":{"line":66,"column":2},"end":{"line":66,"column":33}},"15":{"start":{"line":67,"column":2},"end":{"line":67,"column":33}},"16":{"start":{"line":68,"column":2},"end":{"line":68,"column":33}},"17":{"start":{"line":69,"column":2},"end":{"line":69,"column":33}},"18":{"start":{"line":70,"column":2},"end":{"line":70,"column":35}},"19":{"start":{"line":73,"column":0},"end":{"line":80,"column":2}}},"fnMap":{"0":{"name":"(anonymous_0)","decl":{"start":{"line":63,"column":22},"end":{"line":63,"column":23}},"loc":{"start":{"line":63,"column":34},"end":{"line":71,"column":1}},"line":63}},"branchMap":{},"s":{"0":2,"1":2,"2":2,"3":2,"4":2,"5":2,"6":2,"7":2,"8":2,"9":2,"10":2,"11":2,"12":13,"13":13,"14":13,"15":13,"16":13,"17":13,"18":13,"19":2},"f":{"0":13},"b":{},"_coverageSchema":"43e27e138ebf9cfc5966b082cf9a028302ed4184","hash":"1a6aabf64269f41e16ddefd0f4dc68f0f2bf948e"}
}
